TN:
SF:src\commands\config.ts
FN:3,configInitCommand
FN:25,configShowCommand
FNF:2
FNH:0
FNDA:0,configInitCommand
FNDA:0,configShowCommand
DA:1,0
DA:3,0
DA:4,0
DA:6,0
DA:8,0
DA:9,0
DA:10,0
DA:11,0
DA:13,0
DA:14,0
DA:15,0
DA:16,0
DA:18,0
DA:19,0
DA:20,0
DA:25,0
DA:26,0
DA:27,0
DA:28,0
LF:19
LH:0
BRDA:8,0,0,0
BRDA:8,0,1,0
BRDA:10,1,0,0
BRDA:10,1,1,0
BRDA:19,2,0,0
BRDA:19,2,1,0
BRF:6
BRH:0
end_of_record
TN:
SF:src\commands\generate.ts
FN:11,generateCommand
FN:141,getStatusSymbol
FNF:2
FNH:0
FNDA:0,generateCommand
FNDA:0,getStatusSymbol
DA:1,0
DA:2,0
DA:3,0
DA:11,0
DA:12,0
DA:14,0
DA:15,0
DA:16,0
DA:17,0
DA:21,0
DA:24,0
DA:25,0
DA:26,0
DA:27,0
DA:28,0
DA:29,0
DA:30,0
DA:34,0
DA:37,0
DA:38,0
DA:39,0
DA:43,0
DA:44,0
DA:45,0
DA:46,0
DA:47,0
DA:51,0
DA:52,0
DA:57,0
DA:58,0
DA:59,0
DA:60,0
DA:62,0
DA:63,0
DA:64,0
DA:65,0
DA:67,0
DA:70,0
DA:72,0
DA:73,0
DA:74,0
DA:76,0
DA:77,0
DA:79,0
DA:81,0
DA:82,0
DA:83,0
DA:84,0
DA:86,0
DA:88,0
DA:91,0
DA:92,0
DA:93,0
DA:95,0
DA:96,0
DA:98,0
DA:102,0
DA:103,0
DA:104,0
DA:105,0
DA:106,0
DA:108,0
DA:109,0
DA:112,0
DA:114,0
DA:119,0
DA:120,0
DA:123,0
DA:124,0
DA:128,0
DA:129,0
DA:132,0
DA:133,0
DA:135,0
DA:137,0
DA:142,0
DA:144,0
DA:146,0
DA:148,0
DA:150,0
DA:152,0
LF:81
LH:0
BRDA:11,0,0,0
BRDA:14,1,0,0
BRDA:14,1,1,0
BRDA:24,2,0,0
BRDA:24,2,1,0
BRDA:37,3,0,0
BRDA:37,3,1,0
BRDA:64,4,0,0
BRDA:64,4,1,0
BRDA:70,5,0,0
BRDA:70,5,1,0
BRDA:76,6,0,0
BRDA:76,6,1,0
BRDA:79,7,0,0
BRDA:79,7,1,0
BRDA:88,8,0,0
BRDA:88,8,1,0
BRDA:88,8,2,0
BRDA:88,8,3,0
BRDA:88,8,4,0
BRDA:88,8,5,0
BRDA:88,8,6,0
BRDA:88,8,7,0
BRDA:95,9,0,0
BRDA:95,9,1,0
BRDA:103,10,0,0
BRDA:103,10,1,0
BRDA:108,11,0,0
BRDA:108,11,1,0
BRDA:132,12,0,0
BRDA:132,12,1,0
BRDA:142,13,0,0
BRDA:142,13,1,0
BRDA:142,13,2,0
BRDA:142,13,3,0
BRDA:142,13,4,0
BRF:36
BRH:0
end_of_record
TN:
SF:src\commands\hook.ts
FN:4,hookInstallCommand
FN:26,hookUninstallCommand
FN:46,hookStatusCommand
FNF:3
FNH:0
FNDA:0,hookInstallCommand
FNDA:0,hookUninstallCommand
FNDA:0,hookStatusCommand
DA:1,0
DA:2,0
DA:4,0
DA:6,0
DA:7,0
DA:8,0
DA:9,0
DA:12,0
DA:14,0
DA:16,0
DA:17,0
DA:18,0
DA:19,0
DA:21,0
DA:22,0
DA:26,0
DA:28,0
DA:29,0
DA:30,0
DA:31,0
DA:34,0
DA:36,0
DA:38,0
DA:39,0
DA:41,0
DA:42,0
DA:46,0
DA:48,0
DA:49,0
DA:50,0
DA:51,0
DA:54,0
DA:56,0
DA:57,0
DA:58,0
DA:60,0
DA:61,0
DA:62,0
LF:38
LH:0
BRDA:6,0,0,0
BRDA:6,0,1,0
BRDA:16,1,0,0
BRDA:16,1,1,0
BRDA:28,2,0,0
BRDA:28,2,1,0
BRDA:38,3,0,0
BRDA:38,3,1,0
BRDA:48,4,0,0
BRDA:48,4,1,0
BRDA:56,5,0,0
BRDA:56,5,1,0
BRF:12
BRH:0
end_of_record
TN:
SF:src\services\analyzerService.ts
FN:10,(anonymous_0)
FN:78,(anonymous_1)
FN:143,(anonymous_2)
FN:159,(anonymous_3)
FN:222,(anonymous_4)
FN:226,(anonymous_5)
FN:231,(anonymous_6)
FN:238,(anonymous_7)
FN:274,(anonymous_8)
FN:282,(anonymous_9)
FNF:10
FNH:9
FNDA:11,(anonymous_0)
FNDA:11,(anonymous_1)
FNDA:5,(anonymous_2)
FNDA:11,(anonymous_3)
FNDA:11,(anonymous_4)
FNDA:16,(anonymous_5)
FNDA:1,(anonymous_6)
FNDA:0,(anonymous_7)
FNDA:9,(anonymous_8)
FNDA:10,(anonymous_9)
DA:1,1
DA:2,1
DA:3,1
DA:6,1
DA:11,11
DA:12,11
DA:14,11
DA:21,11
DA:29,11
DA:30,16
DA:31,16
DA:33,16
DA:35,7
DA:36,7
DA:38,8
DA:39,8
DA:41,1
DA:42,1
DA:44,0
DA:45,0
DA:50,11
DA:57,11
DA:65,11
DA:67,11
DA:84,11
DA:89,1
DA:93,10
DA:98,1
DA:102,9
DA:108,1
DA:112,8
DA:115,8
DA:121,1
DA:125,7
DA:130,1
DA:134,6
DA:139,1
DA:143,5
DA:144,5
DA:145,4
DA:149,1
DA:150,1
DA:153,0
DA:166,11
DA:167,9
DA:168,9
DA:170,9
DA:171,3
DA:172,6
DA:173,1
DA:174,5
DA:175,5
DA:176,0
DA:177,0
DA:182,2
DA:183,0
DA:186,2
DA:187,0
DA:190,2
DA:191,0
DA:195,2
DA:197,2
DA:198,2
DA:201,2
DA:202,2
DA:203,0
DA:207,2
DA:208,0
DA:211,2
DA:212,2
DA:216,0
DA:223,11
DA:225,11
DA:226,16
DA:229,11
DA:230,1
DA:231,1
DA:232,1
DA:233,1
DA:237,0
DA:238,0
DA:239,0
DA:240,0
DA:246,10
DA:247,10
DA:248,10
DA:249,8
DA:252,8
DA:263,8
DA:264,0
DA:268,10
DA:275,9
DA:276,9
DA:283,10
DA:285,10
DA:287,10
DA:288,1
DA:291,10
DA:293,10
LF:99
LH:83
BRDA:33,0,0,7
BRDA:33,0,1,8
BRDA:33,0,2,1
BRDA:33,0,3,0
BRDA:84,1,0,1
BRDA:84,1,1,10
BRDA:85,2,0,11
BRDA:85,2,1,2
BRDA:85,2,2,1
BRDA:93,3,0,1
BRDA:93,3,1,9
BRDA:94,4,0,10
BRDA:94,4,1,2
BRDA:94,4,2,1
BRDA:102,5,0,1
BRDA:102,5,1,8
BRDA:103,6,0,9
BRDA:103,6,1,2
BRDA:103,6,2,1
BRDA:103,6,3,1
BRDA:115,7,0,1
BRDA:115,7,1,7
BRDA:116,8,0,8
BRDA:116,8,1,7
BRDA:116,8,2,7
BRDA:116,8,3,7
BRDA:125,9,0,1
BRDA:125,9,1,6
BRDA:126,10,0,7
BRDA:126,10,1,6
BRDA:126,10,2,6
BRDA:134,11,0,1
BRDA:134,11,1,5
BRDA:135,12,0,6
BRDA:135,12,1,5
BRDA:135,12,2,5
BRDA:144,13,0,4
BRDA:144,13,1,1
BRDA:149,14,0,1
BRDA:149,14,1,0
BRDA:166,15,0,9
BRDA:166,15,1,2
BRDA:170,16,0,3
BRDA:170,16,1,6
BRDA:172,17,0,1
BRDA:172,17,1,5
BRDA:174,18,0,5
BRDA:174,18,1,0
BRDA:176,19,0,0
BRDA:176,19,1,0
BRDA:182,20,0,0
BRDA:182,20,1,2
BRDA:182,21,0,2
BRDA:182,21,1,1
BRDA:186,22,0,0
BRDA:186,22,1,2
BRDA:186,23,0,2
BRDA:186,23,1,1
BRDA:190,24,0,0
BRDA:190,24,1,2
BRDA:190,25,0,2
BRDA:190,25,1,1
BRDA:197,26,0,2
BRDA:197,26,1,0
BRDA:198,27,0,2
BRDA:198,27,1,0
BRDA:201,28,0,2
BRDA:201,28,1,0
BRDA:202,29,0,0
BRDA:202,29,1,2
BRDA:203,30,0,0
BRDA:203,30,1,0
BRDA:207,31,0,0
BRDA:207,31,1,2
BRDA:208,32,0,0
BRDA:208,32,1,0
BRDA:211,33,0,2
BRDA:211,33,1,0
BRDA:216,34,0,0
BRDA:216,34,1,0
BRDA:223,35,0,0
BRDA:223,35,1,11
BRDA:229,36,0,1
BRDA:229,36,1,10
BRDA:229,37,0,11
BRDA:229,37,1,11
BRDA:232,38,0,1
BRDA:232,38,1,0
BRDA:239,39,0,0
BRDA:239,39,1,0
BRDA:248,40,0,8
BRDA:248,40,1,2
BRDA:263,41,0,0
BRDA:263,41,1,8
BRDA:287,42,0,1
BRDA:287,42,1,9
BRF:96
BRH:71
end_of_record
TN:
SF:src\services\configService.ts
FN:26,(anonymous_9)
FN:78,(anonymous_10)
FN:85,(anonymous_11)
FN:92,(anonymous_12)
FNF:4
FNH:4
FNDA:11,(anonymous_9)
FNDA:1,(anonymous_10)
FNDA:12,(anonymous_11)
FNDA:3,(anonymous_12)
DA:1,2
DA:2,2
DA:4,2
DA:6,2
DA:12,2
DA:20,2
DA:21,2
DA:27,11
DA:28,2
DA:31,9
DA:34,9
DA:35,9
DA:36,8
DA:37,18
DA:38,18
DA:39,3
DA:40,3
DA:48,9
DA:49,6
DA:50,18
DA:51,18
DA:52,0
DA:53,0
DA:58,9
DA:59,6
DA:60,6
DA:63,3
DA:64,3
DA:65,3
DA:66,2
DA:67,2
DA:69,1
DA:70,1
DA:71,1
DA:79,1
DA:86,12
DA:93,3
DA:95,3
DA:96,3
DA:98,0
DA:101,3
DA:103,3
DA:104,1
DA:111,2
DA:123,2
DA:125,1
DA:131,1
LF:47
LH:44
BRDA:27,0,0,2
BRDA:27,0,1,9
BRDA:38,1,0,3
BRDA:38,1,1,15
BRDA:48,2,0,6
BRDA:48,2,1,3
BRDA:51,3,0,0
BRDA:51,3,1,18
BRDA:58,4,0,6
BRDA:58,4,1,3
BRDA:103,5,0,1
BRDA:103,5,1,2
BRDA:133,6,0,1
BRDA:133,6,1,0
BRF:14
BRH:12
end_of_record
TN:
SF:src\services\gitService.ts
FN:8,(anonymous_0)
FN:20,(anonymous_1)
FN:29,(anonymous_2)
FN:62,(anonymous_3)
FN:91,(anonymous_4)
FN:106,(anonymous_5)
FN:114,(anonymous_6)
FN:131,(anonymous_7)
FN:145,(anonymous_8)
FNF:9
FNH:7
FNDA:2,(anonymous_0)
FNDA:3,(anonymous_1)
FNDA:7,(anonymous_2)
FNDA:3,(anonymous_3)
FNDA:1,(anonymous_4)
FNDA:0,(anonymous_5)
FNDA:3,(anonymous_6)
FNDA:0,(anonymous_7)
FNDA:1,(anonymous_8)
DA:1,3
DA:4,3
DA:9,2
DA:10,2
DA:11,1
DA:13,1
DA:21,3
DA:22,3
DA:26,3
DA:27,3
DA:29,7
DA:31,3
DA:32,4
DA:34,4
DA:35,4
DA:36,4
DA:39,4
DA:40,4
DA:44,4
DA:45,0
DA:49,3
DA:55,0
DA:63,3
DA:64,3
DA:68,3
DA:69,3
DA:70,3
DA:72,3
DA:73,2
DA:74,2
DA:75,2
DA:77,2
DA:78,2
DA:79,2
DA:82,3
DA:84,0
DA:92,1
DA:93,1
DA:97,1
DA:99,0
DA:107,0
DA:108,0
DA:115,3
DA:116,3
DA:121,1
DA:122,1
DA:124,0
DA:132,0
DA:133,0
DA:136,0
DA:138,0
DA:146,1
DA:147,1
DA:150,1
DA:152,1
DA:153,1
DA:156,0
DA:158,0
DA:160,0
DA:162,0
LF:60
LH:45
BRDA:32,0,0,0
BRDA:32,0,1,4
BRDA:39,1,0,4
BRDA:39,1,1,0
BRDA:39,2,0,4
BRDA:39,2,1,4
BRDA:44,3,0,0
BRDA:44,3,1,4
BRDA:44,4,0,4
BRDA:44,4,1,0
BRDA:72,5,0,2
BRDA:72,5,1,1
BRDA:77,6,0,2
BRDA:77,6,1,0
BRDA:78,7,0,2
BRDA:78,7,1,0
BRDA:79,8,0,1
BRDA:79,8,1,1
BRDA:121,9,0,1
BRDA:121,9,1,0
BRDA:152,10,0,1
BRDA:152,10,1,0
BRDA:152,11,0,1
BRDA:152,11,1,0
BRDA:156,12,0,0
BRDA:156,12,1,0
BRDA:156,13,0,0
BRDA:156,13,1,0
BRF:28
BRH:15
end_of_record
TN:
SF:src\services\hookService.ts
FN:37,(anonymous_9)
FN:45,(anonymous_10)
FN:52,(anonymous_11)
FN:64,(anonymous_12)
FN:104,(anonymous_13)
FNF:5
FNH:0
FNDA:0,(anonymous_9)
FNDA:0,(anonymous_10)
FNDA:0,(anonymous_11)
FNDA:0,(anonymous_12)
FNDA:0,(anonymous_13)
DA:1,0
DA:2,0
DA:3,0
DA:5,0
DA:7,0
DA:33,0
DA:38,0
DA:39,0
DA:46,0
DA:53,0
DA:54,0
DA:55,0
DA:57,0
DA:58,0
DA:65,0
DA:66,0
DA:67,0
DA:70,0
DA:71,0
DA:75,0
DA:76,0
DA:77,0
DA:78,0
DA:81,0
DA:82,0
DA:83,0
DA:90,0
DA:92,0
DA:94,0
DA:105,0
DA:106,0
DA:108,0
DA:109,0
DA:112,0
DA:113,0
DA:114,0
DA:120,0
DA:123,0
DA:124,0
DA:125,0
DA:126,0
DA:132,0
DA:134,0
LF:43
LH:0
BRDA:54,0,0,0
BRDA:54,0,1,0
BRDA:70,1,0,0
BRDA:70,1,1,0
BRDA:75,2,0,0
BRDA:75,2,1,0
BRDA:77,3,0,0
BRDA:77,3,1,0
BRDA:96,4,0,0
BRDA:96,4,1,0
BRDA:108,5,0,0
BRDA:108,5,1,0
BRDA:113,6,0,0
BRDA:113,6,1,0
BRDA:124,7,0,0
BRDA:124,7,1,0
BRDA:136,8,0,0
BRDA:136,8,1,0
BRF:18
BRH:0
end_of_record
TN:
SF:src\utils\filePatterns.ts
FN:61,detectFileType
FN:72,getCommitTypeForFile
FNF:2
FNH:2
FNDA:35,detectFileType
FNDA:4,getCommitTypeForFile
DA:3,2
DA:61,2
DA:64,35
DA:65,226
DA:66,22
DA:69,13
DA:72,2
DA:73,4
DA:74,22
DA:75,3
DA:78,1
LF:11
LH:11
BRDA:65,0,0,22
BRDA:65,0,1,204
BRDA:74,1,0,3
BRDA:74,1,1,19
BRF:4
BRH:4
end_of_record
TN:
SF:src\utils\prompt.ts
FN:3,prompt
FN:9,(anonymous_10)
FN:10,(anonymous_11)
FN:17,confirm
FN:22,promptWithDefault
FNF:5
FNH:0
FNDA:0,prompt
FNDA:0,(anonymous_10)
FNDA:0,(anonymous_11)
FNDA:0,confirm
FNDA:0,promptWithDefault
DA:1,0
DA:3,0
DA:4,0
DA:9,0
DA:10,0
DA:11,0
DA:12,0
DA:17,0
DA:18,0
DA:19,0
DA:22,0
DA:26,0
DA:27,0
LF:13
LH:0
BRDA:19,0,0,0
BRDA:19,0,1,0
BRDA:27,1,0,0
BRDA:27,1,1,0
BRF:4
BRH:0
end_of_record
